[debug] [2025-12-02T07:27:17.911Z] [Firebase Plugin] Activating Firebase extension.
[info] [Firebase Plugin] Unable to check firebase-tools installation: TypeError: fetch failed
[debug] [2025-12-02T07:27:29.540Z] [Firebase Plugin] requireAuthWrapper
[debug] [2025-12-02T07:27:29.546Z] > command requires scopes: ["email","openid","https://www.googleapis.com/auth/cloudplatformprojects.readonly","https://www.googleapis.com/auth/firebase","https://www.googleapis.com/auth/cloud-platform"]
[debug] [2025-12-02T07:27:29.547Z] > authorizing via signed-in user (michaeljoshuataleon.edu@gmail.com)
[debug] [2025-12-02T07:27:29.555Z] Checked if tokens are valid: false, expires at: 1764390638815
[debug] [2025-12-02T07:27:29.557Z] Checked if tokens are valid: false, expires at: 1764390638815
[debug] [2025-12-02T07:27:29.558Z] > refreshing access token with scopes: []
[debug] [2025-12-02T07:27:29.562Z] >>> [apiv2][query] POST https://www.googleapis.com/oauth2/v3/token [none]
[debug] [2025-12-02T07:27:29.563Z] >>> [apiv2][body] POST https://www.googleapis.com/oauth2/v3/token [omitted]
[debug] [2025-12-02T07:27:29.588Z] [Firebase Plugin] VSCode notification server listening on port 40001
[info] [Firebase Plugin] Starting Data Connect toolkit (version 2.17.0) on port 50001
[info] i  dataconnect: downloading dataconnect-emulator-2.17.0.exe... {"metadata":{"emulator":{"name":"dataconnect"},"message":"downloading dataconnect-emulator-2.17.0.exe..."}}
[debug] [2025-12-02T07:27:30.237Z] >>> [apiv2][query] GET https://storage.googleapis.com/firemat-preview-drop/emulator/dataconnect-emulator-windows-amd64-v2.17.0 
[debug] [2025-12-02T07:27:42.499Z] <<< [apiv2][status] GET https://storage.googleapis.com/firemat-preview-drop/emulator/dataconnect-emulator-windows-amd64-v2.17.0 200
[debug] [2025-12-02T07:27:42.500Z] <<< [apiv2][body] GET https://storage.googleapis.com/firemat-preview-drop/emulator/dataconnect-emulator-windows-amd64-v2.17.0 [stream]
[debug] [2025-12-02T07:27:55.641Z] *** [apiv2] error from fetch(https://www.googleapis.com/oauth2/v3/token, {"headers":{},"method":"POST","body":{"_overheadLength":545,"_valueLength":212,"_valuesToMeasure":[],"writable":false,"readable":true,"dataSize":0,"maxDataSize":2097152,"pauseStreams":true,"_released":true,"_streams":[],"_currentStream":null,"_insideLoop":false,"_pendingNext":false,"_boundary":"--------------------------199672646838461116495368","_events":{},"_eventsCount":1}}): FetchError: request to https://www.googleapis.com/oauth2/v3/token failed, reason: socket hang up
[error] Authentication Error: Your credentials are no longer valid. Please run firebase login --reauth

For CI servers and headless environments, generate a new token with firebase login:ci
[error] [Firebase Plugin] requireAuth error: Authentication Error: Your credentials are no longer valid. Please run firebase login --reauth

For CI servers and headless environments, generate a new token with firebase login:ci
[info] i  dataconnect: Removing outdated emulator files: dataconnect-emulator-2.15.0.exe {"metadata":{"emulator":{"name":"dataconnect"},"message":"Removing outdated emulator files: dataconnect-emulator-2.15.0.exe"}}
[debug] [2025-12-02T07:31:44.160Z] 'fdc build' failed with error: Unable to build your Data Connect schema and connectors (exit code 1): E1202 15:31:43.994475   14704 cmd.go:43] Error loading data connect config: could not find dataconnect.yaml in `c:\Users\USER\AndroidStudioProjects\BrightCarePatient2\dataconnect`
 {"metadata":{"emulator":{"name":"dataconnect"},"message":"'fdc build' failed with error: Unable to build your Data Connect schema and connectors (exit code 1): E1202 15:31:43.994475   14704 cmd.go:43] Error loading data connect config: could not find dataconnect.yaml in `c:\\Users\\USER\\AndroidStudioProjects\\BrightCarePatient2\\dataconnect`\n"}}
[debug] [2025-12-02T07:31:44.162Z] Ignoring unsupported arg: auto_download {"metadata":{"emulator":{"name":"dataconnect"},"message":"Ignoring unsupported arg: auto_download"}}
[debug] [2025-12-02T07:31:44.162Z] Ignoring unsupported arg: port {"metadata":{"emulator":{"name":"dataconnect"},"message":"Ignoring unsupported arg: port"}}
[debug] [2025-12-02T07:31:44.163Z] Starting Data Connect Emulator with command {"binary":"C:\\Users\\USER\\.cache\\firebase\\emulators\\dataconnect-emulator-2.17.0.exe","args":["--logtostderr","-v=2","dev","--listen=localhost:50001","--config_dir=c:\\Users\\USER\\AndroidStudioProjects\\BrightCarePatient2\\dataconnect","--enable_output_schema_extensions=true","--enable_output_generated_sdk=true"],"optionalArgs":["listen","config_dir","enable_output_schema_extensions","enable_output_generated_sdk"],"joinArgs":true,"shell":false,"port":9399} {"metadata":{"emulator":{"name":"dataconnect"},"message":"Starting Data Connect Emulator with command {\"binary\":\"C:\\\\Users\\\\USER\\\\.cache\\\\firebase\\\\emulators\\\\dataconnect-emulator-2.17.0.exe\",\"args\":[\"--logtostderr\",\"-v=2\",\"dev\",\"--listen=localhost:50001\",\"--config_dir=c:\\\\Users\\\\USER\\\\AndroidStudioProjects\\\\BrightCarePatient2\\\\dataconnect\",\"--enable_output_schema_extensions=true\",\"--enable_output_generated_sdk=true\"],\"optionalArgs\":[\"listen\",\"config_dir\",\"enable_output_schema_extensions\",\"enable_output_generated_sdk\"],\"joinArgs\":true,\"shell\":false,\"port\":9399}"}}
[info] i  dataconnect: Data Connect Emulator logging to dataconnect-debug.log {"metadata":{"emulator":{"name":"dataconnect"},"message":"Data Connect Emulator logging to \u001b[1mdataconnect-debug.log\u001b[22m"}}
[debug] [2025-12-02T07:31:44.300Z] E1202 15:31:44.210238   14528 dev.go:82] Failed to load initial config from "c:\\Users\\USER\\AndroidStudioProjects\\BrightCarePatient2\\dataconnect": could not find dataconnect.yaml in `c:\Users\USER\AndroidStudioProjects\BrightCarePatient2\dataconnect`
 {"metadata":{"emulator":{"name":"dataconnect"},"message":"E1202 15:31:44.210238   14528 dev.go:82] Failed to load initial config from \"c:\\\\Users\\\\USER\\\\AndroidStudioProjects\\\\BrightCarePatient2\\\\dataconnect\": could not find dataconnect.yaml in `c:\\Users\\USER\\AndroidStudioProjects\\BrightCarePatient2\\dataconnect`\n"}}
[debug] [2025-12-02T07:31:44.302Z] E1202 15:31:44.301347   14528 watch.go:102] watchAllDir unable to walk dir `c:\Users\USER\AndroidStudioProjects\BrightCarePatient2\dataconnect`: CreateFile c:\Users\USER\AndroidStudioProjects\BrightCarePatient2\dataconnect: The system cannot find the file specified.
 {"metadata":{"emulator":{"name":"dataconnect"},"message":"E1202 15:31:44.301347   14528 watch.go:102] watchAllDir unable to walk dir `c:\\Users\\USER\\AndroidStudioProjects\\BrightCarePatient2\\dataconnect`: CreateFile c:\\Users\\USER\\AndroidStudioProjects\\BrightCarePatient2\\dataconnect: The system cannot find the file specified.\n"}}
[debug] [2025-12-02T07:31:44.319Z] I1202 15:31:44.318952   14528 dev.go:105] Listening on address (HTTP + gRPC): 127.0.0.1:50001
 {"metadata":{"emulator":{"name":"dataconnect"},"message":"I1202 15:31:44.318952   14528 dev.go:105] Listening on address (HTTP + gRPC): 127.0.0.1:50001\n"}}
[error] [Firebase Plugin] error:  {}
[debug] [2025-12-02T07:31:54.302Z] E1202 15:31:54.302950   14528 watch.go:31] Failed to load config from "c:\\Users\\USER\\AndroidStudioProjects\\BrightCarePatient2\\dataconnect": could not find dataconnect.yaml in `c:\Users\USER\AndroidStudioProjects\BrightCarePatient2\dataconnect`
 {"metadata":{"emulator":{"name":"dataconnect"},"message":"E1202 15:31:54.302950   14528 watch.go:31] Failed to load config from \"c:\\\\Users\\\\USER\\\\AndroidStudioProjects\\\\BrightCarePatient2\\\\dataconnect\": could not find dataconnect.yaml in `c:\\Users\\USER\\AndroidStudioProjects\\BrightCarePatient2\\dataconnect`\n"}}
[debug] [2025-12-02T07:32:04.302Z] E1202 15:32:04.302467   14528 watch.go:31] Failed to load config from "c:\\Users\\USER\\AndroidStudioProjects\\BrightCarePatient2\\dataconnect": could not find dataconnect.yaml in `c:\Users\USER\AndroidStudioProjects\BrightCarePatient2\dataconnect`
 {"metadata":{"emulator":{"name":"dataconnect"},"message":"E1202 15:32:04.302467   14528 watch.go:31] Failed to load config from \"c:\\\\Users\\\\USER\\\\AndroidStudioProjects\\\\BrightCarePatient2\\\\dataconnect\": could not find dataconnect.yaml in `c:\\Users\\USER\\AndroidStudioProjects\\BrightCarePatient2\\dataconnect`\n"}}
[debug] [2025-12-02T07:32:14.302Z] E1202 15:32:14.302995   14528 watch.go:31] Failed to load config from "c:\\Users\\USER\\AndroidStudioProjects\\BrightCarePatient2\\dataconnect": could not find dataconnect.yaml in `c:\Users\USER\AndroidStudioProjects\BrightCarePatient2\dataconnect`
 {"metadata":{"emulator":{"name":"dataconnect"},"message":"E1202 15:32:14.302995   14528 watch.go:31] Failed to load config from \"c:\\\\Users\\\\USER\\\\AndroidStudioProjects\\\\BrightCarePatient2\\\\dataconnect\": could not find dataconnect.yaml in `c:\\Users\\USER\\AndroidStudioProjects\\BrightCarePatient2\\dataconnect`\n"}}
[debug] [2025-12-02T07:32:24.302Z] E1202 15:32:24.302473   14528 watch.go:31] Failed to load config from "c:\\Users\\USER\\AndroidStudioProjects\\BrightCarePatient2\\dataconnect": could not find dataconnect.yaml in `c:\Users\USER\AndroidStudioProjects\BrightCarePatient2\dataconnect`
 {"metadata":{"emulator":{"name":"dataconnect"},"message":"E1202 15:32:24.302473   14528 watch.go:31] Failed to load config from \"c:\\\\Users\\\\USER\\\\AndroidStudioProjects\\\\BrightCarePatient2\\\\dataconnect\": could not find dataconnect.yaml in `c:\\Users\\USER\\AndroidStudioProjects\\BrightCarePatient2\\dataconnect`\n"}}
[debug] [2025-12-02T07:32:34.302Z] E1202 15:32:34.302528   14528 watch.go:31] Failed to load config from "c:\\Users\\USER\\AndroidStudioProjects\\BrightCarePatient2\\dataconnect": could not find dataconnect.yaml in `c:\Users\USER\AndroidStudioProjects\BrightCarePatient2\dataconnect`
 {"metadata":{"emulator":{"name":"dataconnect"},"message":"E1202 15:32:34.302528   14528 watch.go:31] Failed to load config from \"c:\\\\Users\\\\USER\\\\AndroidStudioProjects\\\\BrightCarePatient2\\\\dataconnect\": could not find dataconnect.yaml in `c:\\Users\\USER\\AndroidStudioProjects\\BrightCarePatient2\\dataconnect`\n"}}
[debug] [2025-12-02T07:32:44.303Z] E1202 15:32:44.302469   14528 watch.go:31] Failed to load config from "c:\\Users\\USER\\AndroidStudioProjects\\BrightCarePatient2\\dataconnect": could not find dataconnect.yaml in `c:\Users\USER\AndroidStudioProjects\BrightCarePatient2\dataconnect`
 {"metadata":{"emulator":{"name":"dataconnect"},"message":"E1202 15:32:44.302469   14528 watch.go:31] Failed to load config from \"c:\\\\Users\\\\USER\\\\AndroidStudioProjects\\\\BrightCarePatient2\\\\dataconnect\": could not find dataconnect.yaml in `c:\\Users\\USER\\AndroidStudioProjects\\BrightCarePatient2\\dataconnect`\n"}}
[debug] [2025-12-02T07:32:54.303Z] E1202 15:32:54.302620   14528 watch.go:31] Failed to load config from "c:\\Users\\USER\\AndroidStudioProjects\\BrightCarePatient2\\dataconnect": could not find dataconnect.yaml in `c:\Users\USER\AndroidStudioProjects\BrightCarePatient2\dataconnect`
 {"metadata":{"emulator":{"name":"dataconnect"},"message":"E1202 15:32:54.302620   14528 watch.go:31] Failed to load config from \"c:\\\\Users\\\\USER\\\\AndroidStudioProjects\\\\BrightCarePatient2\\\\dataconnect\": could not find dataconnect.yaml in `c:\\Users\\USER\\AndroidStudioProjects\\BrightCarePatient2\\dataconnect`\n"}}
[debug] [2025-12-02T07:33:04.303Z] E1202 15:33:04.302545   14528 watch.go:31] Failed to load config from "c:\\Users\\USER\\AndroidStudioProjects\\BrightCarePatient2\\dataconnect": could not find dataconnect.yaml in `c:\Users\USER\AndroidStudioProjects\BrightCarePatient2\dataconnect`
 {"metadata":{"emulator":{"name":"dataconnect"},"message":"E1202 15:33:04.302545   14528 watch.go:31] Failed to load config from \"c:\\\\Users\\\\USER\\\\AndroidStudioProjects\\\\BrightCarePatient2\\\\dataconnect\": could not find dataconnect.yaml in `c:\\Users\\USER\\AndroidStudioProjects\\BrightCarePatient2\\dataconnect`\n"}}
[debug] [2025-12-02T07:33:14.303Z] E1202 15:33:14.303157   14528 watch.go:31] Failed to load config from "c:\\Users\\USER\\AndroidStudioProjects\\BrightCarePatient2\\dataconnect": could not find dataconnect.yaml in `c:\Users\USER\AndroidStudioProjects\BrightCarePatient2\dataconnect`
 {"metadata":{"emulator":{"name":"dataconnect"},"message":"E1202 15:33:14.303157   14528 watch.go:31] Failed to load config from \"c:\\\\Users\\\\USER\\\\AndroidStudioProjects\\\\BrightCarePatient2\\\\dataconnect\": could not find dataconnect.yaml in `c:\\Users\\USER\\AndroidStudioProjects\\BrightCarePatient2\\dataconnect`\n"}}
[debug] [2025-12-02T07:33:24.303Z] E1202 15:33:24.302641   14528 watch.go:31] Failed to load config from "c:\\Users\\USER\\AndroidStudioProjects\\BrightCarePatient2\\dataconnect": could not find dataconnect.yaml in `c:\Users\USER\AndroidStudioProjects\BrightCarePatient2\dataconnect`
 {"metadata":{"emulator":{"name":"dataconnect"},"message":"E1202 15:33:24.302641   14528 watch.go:31] Failed to load config from \"c:\\\\Users\\\\USER\\\\AndroidStudioProjects\\\\BrightCarePatient2\\\\dataconnect\": could not find dataconnect.yaml in `c:\\Users\\USER\\AndroidStudioProjects\\BrightCarePatient2\\dataconnect`\n"}}
[debug] [2025-12-02T07:33:34.302Z] E1202 15:33:34.302396   14528 watch.go:31] Failed to load config from "c:\\Users\\USER\\AndroidStudioProjects\\BrightCarePatient2\\dataconnect": could not find dataconnect.yaml in `c:\Users\USER\AndroidStudioProjects\BrightCarePatient2\dataconnect`
 {"metadata":{"emulator":{"name":"dataconnect"},"message":"E1202 15:33:34.302396   14528 watch.go:31] Failed to load config from \"c:\\\\Users\\\\USER\\\\AndroidStudioProjects\\\\BrightCarePatient2\\\\dataconnect\": could not find dataconnect.yaml in `c:\\Users\\USER\\AndroidStudioProjects\\BrightCarePatient2\\dataconnect`\n"}}
[debug] [2025-12-02T07:33:44.303Z] E1202 15:33:44.302784   14528 watch.go:31] Failed to load config from "c:\\Users\\USER\\AndroidStudioProjects\\BrightCarePatient2\\dataconnect": could not find dataconnect.yaml in `c:\Users\USER\AndroidStudioProjects\BrightCarePatient2\dataconnect`
 {"metadata":{"emulator":{"name":"dataconnect"},"message":"E1202 15:33:44.302784   14528 watch.go:31] Failed to load config from \"c:\\\\Users\\\\USER\\\\AndroidStudioProjects\\\\BrightCarePatient2\\\\dataconnect\": could not find dataconnect.yaml in `c:\\Users\\USER\\AndroidStudioProjects\\BrightCarePatient2\\dataconnect`\n"}}
[debug] [2025-12-02T07:33:44.304Z] E1202 15:33:44.303515   14528 watch.go:102] watchAllDir unable to walk dir `c:\Users\USER\AndroidStudioProjects\BrightCarePatient2\dataconnect`: CreateFile c:\Users\USER\AndroidStudioProjects\BrightCarePatient2\dataconnect: The system cannot find the file specified.
 {"metadata":{"emulator":{"name":"dataconnect"},"message":"E1202 15:33:44.303515   14528 watch.go:102] watchAllDir unable to walk dir `c:\\Users\\USER\\AndroidStudioProjects\\BrightCarePatient2\\dataconnect`: CreateFile c:\\Users\\USER\\AndroidStudioProjects\\BrightCarePatient2\\dataconnect: The system cannot find the file specified.\n"}}
[debug] [2025-12-02T07:33:54.303Z] E1202 15:33:54.303237   14528 watch.go:31] Failed to load config from "c:\\Users\\USER\\AndroidStudioProjects\\BrightCarePatient2\\dataconnect": could not find dataconnect.yaml in `c:\Users\USER\AndroidStudioProjects\BrightCarePatient2\dataconnect`
 {"metadata":{"emulator":{"name":"dataconnect"},"message":"E1202 15:33:54.303237   14528 watch.go:31] Failed to load config from \"c:\\\\Users\\\\USER\\\\AndroidStudioProjects\\\\BrightCarePatient2\\\\dataconnect\": could not find dataconnect.yaml in `c:\\Users\\USER\\AndroidStudioProjects\\BrightCarePatient2\\dataconnect`\n"}}
[debug] [2025-12-02T07:34:04.303Z] E1202 15:34:04.302681   14528 watch.go:31] Failed to load config from "c:\\Users\\USER\\AndroidStudioProjects\\BrightCarePatient2\\dataconnect": could not find dataconnect.yaml in `c:\Users\USER\AndroidStudioProjects\BrightCarePatient2\dataconnect`
 {"metadata":{"emulator":{"name":"dataconnect"},"message":"E1202 15:34:04.302681   14528 watch.go:31] Failed to load config from \"c:\\\\Users\\\\USER\\\\AndroidStudioProjects\\\\BrightCarePatient2\\\\dataconnect\": could not find dataconnect.yaml in `c:\\Users\\USER\\AndroidStudioProjects\\BrightCarePatient2\\dataconnect`\n"}}
[debug] [2025-12-02T07:34:14.303Z] E1202 15:34:14.302457   14528 watch.go:31] Failed to load config from "c:\\Users\\USER\\AndroidStudioProjects\\BrightCarePatient2\\dataconnect": could not find dataconnect.yaml in `c:\Users\USER\AndroidStudioProjects\BrightCarePatient2\dataconnect`
 {"metadata":{"emulator":{"name":"dataconnect"},"message":"E1202 15:34:14.302457   14528 watch.go:31] Failed to load config from \"c:\\\\Users\\\\USER\\\\AndroidStudioProjects\\\\BrightCarePatient2\\\\dataconnect\": could not find dataconnect.yaml in `c:\\Users\\USER\\AndroidStudioProjects\\BrightCarePatient2\\dataconnect`\n"}}
[debug] [2025-12-02T07:34:24.303Z] E1202 15:34:24.302627   14528 watch.go:31] Failed to load config from "c:\\Users\\USER\\AndroidStudioProjects\\BrightCarePatient2\\dataconnect": could not find dataconnect.yaml in `c:\Users\USER\AndroidStudioProjects\BrightCarePatient2\dataconnect`
 {"metadata":{"emulator":{"name":"dataconnect"},"message":"E1202 15:34:24.302627   14528 watch.go:31] Failed to load config from \"c:\\\\Users\\\\USER\\\\AndroidStudioProjects\\\\BrightCarePatient2\\\\dataconnect\": could not find dataconnect.yaml in `c:\\Users\\USER\\AndroidStudioProjects\\BrightCarePatient2\\dataconnect`\n"}}
[debug] [2025-12-02T07:34:34.303Z] E1202 15:34:34.302914   14528 watch.go:31] Failed to load config from "c:\\Users\\USER\\AndroidStudioProjects\\BrightCarePatient2\\dataconnect": could not find dataconnect.yaml in `c:\Users\USER\AndroidStudioProjects\BrightCarePatient2\dataconnect`
 {"metadata":{"emulator":{"name":"dataconnect"},"message":"E1202 15:34:34.302914   14528 watch.go:31] Failed to load config from \"c:\\\\Users\\\\USER\\\\AndroidStudioProjects\\\\BrightCarePatient2\\\\dataconnect\": could not find dataconnect.yaml in `c:\\Users\\USER\\AndroidStudioProjects\\BrightCarePatient2\\dataconnect`\n"}}
[debug] [2025-12-02T07:34:44.303Z] E1202 15:34:44.302705   14528 watch.go:31] Failed to load config from "c:\\Users\\USER\\AndroidStudioProjects\\BrightCarePatient2\\dataconnect": could not find dataconnect.yaml in `c:\Users\USER\AndroidStudioProjects\BrightCarePatient2\dataconnect`
 {"metadata":{"emulator":{"name":"dataconnect"},"message":"E1202 15:34:44.302705   14528 watch.go:31] Failed to load config from \"c:\\\\Users\\\\USER\\\\AndroidStudioProjects\\\\BrightCarePatient2\\\\dataconnect\": could not find dataconnect.yaml in `c:\\Users\\USER\\AndroidStudioProjects\\BrightCarePatient2\\dataconnect`\n"}}
[debug] [2025-12-02T07:34:54.302Z] E1202 15:34:54.303141   14528 watch.go:31] Failed to load config from "c:\\Users\\USER\\AndroidStudioProjects\\BrightCarePatient2\\dataconnect": could not find dataconnect.yaml in `c:\Users\USER\AndroidStudioProjects\BrightCarePatient2\dataconnect`
 {"metadata":{"emulator":{"name":"dataconnect"},"message":"E1202 15:34:54.303141   14528 watch.go:31] Failed to load config from \"c:\\\\Users\\\\USER\\\\AndroidStudioProjects\\\\BrightCarePatient2\\\\dataconnect\": could not find dataconnect.yaml in `c:\\Users\\USER\\AndroidStudioProjects\\BrightCarePatient2\\dataconnect`\n"}}
[debug] [2025-12-02T07:35:04.303Z] E1202 15:35:04.302682   14528 watch.go:31] Failed to load config from "c:\\Users\\USER\\AndroidStudioProjects\\BrightCarePatient2\\dataconnect": could not find dataconnect.yaml in `c:\Users\USER\AndroidStudioProjects\BrightCarePatient2\dataconnect`
 {"metadata":{"emulator":{"name":"dataconnect"},"message":"E1202 15:35:04.302682   14528 watch.go:31] Failed to load config from \"c:\\\\Users\\\\USER\\\\AndroidStudioProjects\\\\BrightCarePatient2\\\\dataconnect\": could not find dataconnect.yaml in `c:\\Users\\USER\\AndroidStudioProjects\\BrightCarePatient2\\dataconnect`\n"}}
[debug] [2025-12-02T07:35:14.302Z] E1202 15:35:14.302581   14528 watch.go:31] Failed to load config from "c:\\Users\\USER\\AndroidStudioProjects\\BrightCarePatient2\\dataconnect": could not find dataconnect.yaml in `c:\Users\USER\AndroidStudioProjects\BrightCarePatient2\dataconnect`
 {"metadata":{"emulator":{"name":"dataconnect"},"message":"E1202 15:35:14.302581   14528 watch.go:31] Failed to load config from \"c:\\\\Users\\\\USER\\\\AndroidStudioProjects\\\\BrightCarePatient2\\\\dataconnect\": could not find dataconnect.yaml in `c:\\Users\\USER\\AndroidStudioProjects\\BrightCarePatient2\\dataconnect`\n"}}
[debug] [2025-12-02T07:35:24.302Z] E1202 15:35:24.302833   14528 watch.go:31] Failed to load config from "c:\\Users\\USER\\AndroidStudioProjects\\BrightCarePatient2\\dataconnect": could not find dataconnect.yaml in `c:\Users\USER\AndroidStudioProjects\BrightCarePatient2\dataconnect`
 {"metadata":{"emulator":{"name":"dataconnect"},"message":"E1202 15:35:24.302833   14528 watch.go:31] Failed to load config from \"c:\\\\Users\\\\USER\\\\AndroidStudioProjects\\\\BrightCarePatient2\\\\dataconnect\": could not find dataconnect.yaml in `c:\\Users\\USER\\AndroidStudioProjects\\BrightCarePatient2\\dataconnect`\n"}}
[debug] [2025-12-02T07:35:34.303Z] E1202 15:35:34.302661   14528 watch.go:31] Failed to load config from "c:\\Users\\USER\\AndroidStudioProjects\\BrightCarePatient2\\dataconnect": could not find dataconnect.yaml in `c:\Users\USER\AndroidStudioProjects\BrightCarePatient2\dataconnect`
 {"metadata":{"emulator":{"name":"dataconnect"},"message":"E1202 15:35:34.302661   14528 watch.go:31] Failed to load config from \"c:\\\\Users\\\\USER\\\\AndroidStudioProjects\\\\BrightCarePatient2\\\\dataconnect\": could not find dataconnect.yaml in `c:\\Users\\USER\\AndroidStudioProjects\\BrightCarePatient2\\dataconnect`\n"}}
[debug] [2025-12-02T07:35:44.303Z] E1202 15:35:44.302753   14528 watch.go:31] Failed to load config from "c:\\Users\\USER\\AndroidStudioProjects\\BrightCarePatient2\\dataconnect": could not find dataconnect.yaml in `c:\Users\USER\AndroidStudioProjects\BrightCarePatient2\dataconnect`
E1202 15:35:44.302753   14528 watch.go:102] watchAllDir unable to walk dir `c:\Users\USER\AndroidStudioProjects\BrightCarePatient2\dataconnect`: CreateFile c:\Users\USER\AndroidStudioProjects\BrightCarePatient2\dataconnect: The system cannot find the file specified.
 {"metadata":{"emulator":{"name":"dataconnect"},"message":"E1202 15:35:44.302753   14528 watch.go:31] Failed to load config from \"c:\\\\Users\\\\USER\\\\AndroidStudioProjects\\\\BrightCarePatient2\\\\dataconnect\": could not find dataconnect.yaml in `c:\\Users\\USER\\AndroidStudioProjects\\BrightCarePatient2\\dataconnect`\nE1202 15:35:44.302753   14528 watch.go:102] watchAllDir unable to walk dir `c:\\Users\\USER\\AndroidStudioProjects\\BrightCarePatient2\\dataconnect`: CreateFile c:\\Users\\USER\\AndroidStudioProjects\\BrightCarePatient2\\dataconnect: The system cannot find the file specified.\n"}}
[debug] [2025-12-02T07:35:54.302Z] E1202 15:35:54.302799   14528 watch.go:31] Failed to load config from "c:\\Users\\USER\\AndroidStudioProjects\\BrightCarePatient2\\dataconnect": could not find dataconnect.yaml in `c:\Users\USER\AndroidStudioProjects\BrightCarePatient2\dataconnect`
 {"metadata":{"emulator":{"name":"dataconnect"},"message":"E1202 15:35:54.302799   14528 watch.go:31] Failed to load config from \"c:\\\\Users\\\\USER\\\\AndroidStudioProjects\\\\BrightCarePatient2\\\\dataconnect\": could not find dataconnect.yaml in `c:\\Users\\USER\\AndroidStudioProjects\\BrightCarePatient2\\dataconnect`\n"}}
[debug] [2025-12-02T07:36:04.303Z] E1202 15:36:04.303400   14528 watch.go:31] Failed to load config from "c:\\Users\\USER\\AndroidStudioProjects\\BrightCarePatient2\\dataconnect": could not find dataconnect.yaml in `c:\Users\USER\AndroidStudioProjects\BrightCarePatient2\dataconnect`
 {"metadata":{"emulator":{"name":"dataconnect"},"message":"E1202 15:36:04.303400   14528 watch.go:31] Failed to load config from \"c:\\\\Users\\\\USER\\\\AndroidStudioProjects\\\\BrightCarePatient2\\\\dataconnect\": could not find dataconnect.yaml in `c:\\Users\\USER\\AndroidStudioProjects\\BrightCarePatient2\\dataconnect`\n"}}
[debug] [2025-12-02T07:36:14.302Z] E1202 15:36:14.302812   14528 watch.go:31] Failed to load config from "c:\\Users\\USER\\AndroidStudioProjects\\BrightCarePatient2\\dataconnect": could not find dataconnect.yaml in `c:\Users\USER\AndroidStudioProjects\BrightCarePatient2\dataconnect`
 {"metadata":{"emulator":{"name":"dataconnect"},"message":"E1202 15:36:14.302812   14528 watch.go:31] Failed to load config from \"c:\\\\Users\\\\USER\\\\AndroidStudioProjects\\\\BrightCarePatient2\\\\dataconnect\": could not find dataconnect.yaml in `c:\\Users\\USER\\AndroidStudioProjects\\BrightCarePatient2\\dataconnect`\n"}}
[debug] [2025-12-02T07:36:24.302Z] E1202 15:36:24.302838   14528 watch.go:31] Failed to load config from "c:\\Users\\USER\\AndroidStudioProjects\\BrightCarePatient2\\dataconnect": could not find dataconnect.yaml in `c:\Users\USER\AndroidStudioProjects\BrightCarePatient2\dataconnect`
 {"metadata":{"emulator":{"name":"dataconnect"},"message":"E1202 15:36:24.302838   14528 watch.go:31] Failed to load config from \"c:\\\\Users\\\\USER\\\\AndroidStudioProjects\\\\BrightCarePatient2\\\\dataconnect\": could not find dataconnect.yaml in `c:\\Users\\USER\\AndroidStudioProjects\\BrightCarePatient2\\dataconnect`\n"}}
[debug] [2025-12-02T07:36:34.303Z] E1202 15:36:34.303027   14528 watch.go:31] Failed to load config from "c:\\Users\\USER\\AndroidStudioProjects\\BrightCarePatient2\\dataconnect": could not find dataconnect.yaml in `c:\Users\USER\AndroidStudioProjects\BrightCarePatient2\dataconnect`
 {"metadata":{"emulator":{"name":"dataconnect"},"message":"E1202 15:36:34.303027   14528 watch.go:31] Failed to load config from \"c:\\\\Users\\\\USER\\\\AndroidStudioProjects\\\\BrightCarePatient2\\\\dataconnect\": could not find dataconnect.yaml in `c:\\Users\\USER\\AndroidStudioProjects\\BrightCarePatient2\\dataconnect`\n"}}
[debug] [2025-12-02T07:36:44.302Z] E1202 15:36:44.302690   14528 watch.go:31] Failed to load config from "c:\\Users\\USER\\AndroidStudioProjects\\BrightCarePatient2\\dataconnect": could not find dataconnect.yaml in `c:\Users\USER\AndroidStudioProjects\BrightCarePatient2\dataconnect`
 {"metadata":{"emulator":{"name":"dataconnect"},"message":"E1202 15:36:44.302690   14528 watch.go:31] Failed to load config from \"c:\\\\Users\\\\USER\\\\AndroidStudioProjects\\\\BrightCarePatient2\\\\dataconnect\": could not find dataconnect.yaml in `c:\\Users\\USER\\AndroidStudioProjects\\BrightCarePatient2\\dataconnect`\n"}}
[debug] [2025-12-02T07:36:54.302Z] E1202 15:36:54.303088   14528 watch.go:31] Failed to load config from "c:\\Users\\USER\\AndroidStudioProjects\\BrightCarePatient2\\dataconnect": could not find dataconnect.yaml in `c:\Users\USER\AndroidStudioProjects\BrightCarePatient2\dataconnect`
 {"metadata":{"emulator":{"name":"dataconnect"},"message":"E1202 15:36:54.303088   14528 watch.go:31] Failed to load config from \"c:\\\\Users\\\\USER\\\\AndroidStudioProjects\\\\BrightCarePatient2\\\\dataconnect\": could not find dataconnect.yaml in `c:\\Users\\USER\\AndroidStudioProjects\\BrightCarePatient2\\dataconnect`\n"}}
[debug] [2025-12-02T07:37:04.303Z] E1202 15:37:04.303384   14528 watch.go:31] Failed to load config from "c:\\Users\\USER\\AndroidStudioProjects\\BrightCarePatient2\\dataconnect": could not find dataconnect.yaml in `c:\Users\USER\AndroidStudioProjects\BrightCarePatient2\dataconnect`
 {"metadata":{"emulator":{"name":"dataconnect"},"message":"E1202 15:37:04.303384   14528 watch.go:31] Failed to load config from \"c:\\\\Users\\\\USER\\\\AndroidStudioProjects\\\\BrightCarePatient2\\\\dataconnect\": could not find dataconnect.yaml in `c:\\Users\\USER\\AndroidStudioProjects\\BrightCarePatient2\\dataconnect`\n"}}
[debug] [2025-12-02T07:37:14.302Z] E1202 15:37:14.303097   14528 watch.go:31] Failed to load config from "c:\\Users\\USER\\AndroidStudioProjects\\BrightCarePatient2\\dataconnect": could not find dataconnect.yaml in `c:\Users\USER\AndroidStudioProjects\BrightCarePatient2\dataconnect`
 {"metadata":{"emulator":{"name":"dataconnect"},"message":"E1202 15:37:14.303097   14528 watch.go:31] Failed to load config from \"c:\\\\Users\\\\USER\\\\AndroidStudioProjects\\\\BrightCarePatient2\\\\dataconnect\": could not find dataconnect.yaml in `c:\\Users\\USER\\AndroidStudioProjects\\BrightCarePatient2\\dataconnect`\n"}}
[debug] [2025-12-02T07:37:24.302Z] E1202 15:37:24.302590   14528 watch.go:31] Failed to load config from "c:\\Users\\USER\\AndroidStudioProjects\\BrightCarePatient2\\dataconnect": could not find dataconnect.yaml in `c:\Users\USER\AndroidStudioProjects\BrightCarePatient2\dataconnect`
 {"metadata":{"emulator":{"name":"dataconnect"},"message":"E1202 15:37:24.302590   14528 watch.go:31] Failed to load config from \"c:\\\\Users\\\\USER\\\\AndroidStudioProjects\\\\BrightCarePatient2\\\\dataconnect\": could not find dataconnect.yaml in `c:\\Users\\USER\\AndroidStudioProjects\\BrightCarePatient2\\dataconnect`\n"}}
[debug] [2025-12-02T07:37:34.302Z] E1202 15:37:34.302599   14528 watch.go:31] Failed to load config from "c:\\Users\\USER\\AndroidStudioProjects\\BrightCarePatient2\\dataconnect": could not find dataconnect.yaml in `c:\Users\USER\AndroidStudioProjects\BrightCarePatient2\dataconnect`
 {"metadata":{"emulator":{"name":"dataconnect"},"message":"E1202 15:37:34.302599   14528 watch.go:31] Failed to load config from \"c:\\\\Users\\\\USER\\\\AndroidStudioProjects\\\\BrightCarePatient2\\\\dataconnect\": could not find dataconnect.yaml in `c:\\Users\\USER\\AndroidStudioProjects\\BrightCarePatient2\\dataconnect`\n"}}
[debug] [2025-12-02T07:37:44.302Z] E1202 15:37:44.302802   14528 watch.go:31] Failed to load config from "c:\\Users\\USER\\AndroidStudioProjects\\BrightCarePatient2\\dataconnect": could not find dataconnect.yaml in `c:\Users\USER\AndroidStudioProjects\BrightCarePatient2\dataconnect`
E1202 15:37:44.302802   14528 watch.go:102] watchAllDir unable to walk dir `c:\Users\USER\AndroidStudioProjects\BrightCarePatient2\dataconnect`: CreateFile c:\Users\USER\AndroidStudioProjects\BrightCarePatient2\dataconnect: The system cannot find the file specified.
 {"metadata":{"emulator":{"name":"dataconnect"},"message":"E1202 15:37:44.302802   14528 watch.go:31] Failed to load config from \"c:\\\\Users\\\\USER\\\\AndroidStudioProjects\\\\BrightCarePatient2\\\\dataconnect\": could not find dataconnect.yaml in `c:\\Users\\USER\\AndroidStudioProjects\\BrightCarePatient2\\dataconnect`\nE1202 15:37:44.302802   14528 watch.go:102] watchAllDir unable to walk dir `c:\\Users\\USER\\AndroidStudioProjects\\BrightCarePatient2\\dataconnect`: CreateFile c:\\Users\\USER\\AndroidStudioProjects\\BrightCarePatient2\\dataconnect: The system cannot find the file specified.\n"}}
[debug] [2025-12-02T07:37:54.303Z] E1202 15:37:54.303576   14528 watch.go:31] Failed to load config from "c:\\Users\\USER\\AndroidStudioProjects\\BrightCarePatient2\\dataconnect": could not find dataconnect.yaml in `c:\Users\USER\AndroidStudioProjects\BrightCarePatient2\dataconnect`
 {"metadata":{"emulator":{"name":"dataconnect"},"message":"E1202 15:37:54.303576   14528 watch.go:31] Failed to load config from \"c:\\\\Users\\\\USER\\\\AndroidStudioProjects\\\\BrightCarePatient2\\\\dataconnect\": could not find dataconnect.yaml in `c:\\Users\\USER\\AndroidStudioProjects\\BrightCarePatient2\\dataconnect`\n"}}
[debug] [2025-12-02T07:38:04.303Z] E1202 15:38:04.303353   14528 watch.go:31] Failed to load config from "c:\\Users\\USER\\AndroidStudioProjects\\BrightCarePatient2\\dataconnect": could not find dataconnect.yaml in `c:\Users\USER\AndroidStudioProjects\BrightCarePatient2\dataconnect`
 {"metadata":{"emulator":{"name":"dataconnect"},"message":"E1202 15:38:04.303353   14528 watch.go:31] Failed to load config from \"c:\\\\Users\\\\USER\\\\AndroidStudioProjects\\\\BrightCarePatient2\\\\dataconnect\": could not find dataconnect.yaml in `c:\\Users\\USER\\AndroidStudioProjects\\BrightCarePatient2\\dataconnect`\n"}}
[debug] [2025-12-02T07:38:14.303Z] E1202 15:38:14.303207   14528 watch.go:31] Failed to load config from "c:\\Users\\USER\\AndroidStudioProjects\\BrightCarePatient2\\dataconnect": could not find dataconnect.yaml in `c:\Users\USER\AndroidStudioProjects\BrightCarePatient2\dataconnect`
 {"metadata":{"emulator":{"name":"dataconnect"},"message":"E1202 15:38:14.303207   14528 watch.go:31] Failed to load config from \"c:\\\\Users\\\\USER\\\\AndroidStudioProjects\\\\BrightCarePatient2\\\\dataconnect\": could not find dataconnect.yaml in `c:\\Users\\USER\\AndroidStudioProjects\\BrightCarePatient2\\dataconnect`\n"}}
[debug] [2025-12-02T07:38:24.303Z] E1202 15:38:24.303457   14528 watch.go:31] Failed to load config from "c:\\Users\\USER\\AndroidStudioProjects\\BrightCarePatient2\\dataconnect": could not find dataconnect.yaml in `c:\Users\USER\AndroidStudioProjects\BrightCarePatient2\dataconnect`
 {"metadata":{"emulator":{"name":"dataconnect"},"message":"E1202 15:38:24.303457   14528 watch.go:31] Failed to load config from \"c:\\\\Users\\\\USER\\\\AndroidStudioProjects\\\\BrightCarePatient2\\\\dataconnect\": could not find dataconnect.yaml in `c:\\Users\\USER\\AndroidStudioProjects\\BrightCarePatient2\\dataconnect`\n"}}
[debug] [2025-12-02T07:38:34.302Z] E1202 15:38:34.303161   14528 watch.go:31] Failed to load config from "c:\\Users\\USER\\AndroidStudioProjects\\BrightCarePatient2\\dataconnect": could not find dataconnect.yaml in `c:\Users\USER\AndroidStudioProjects\BrightCarePatient2\dataconnect`
 {"metadata":{"emulator":{"name":"dataconnect"},"message":"E1202 15:38:34.303161   14528 watch.go:31] Failed to load config from \"c:\\\\Users\\\\USER\\\\AndroidStudioProjects\\\\BrightCarePatient2\\\\dataconnect\": could not find dataconnect.yaml in `c:\\Users\\USER\\AndroidStudioProjects\\BrightCarePatient2\\dataconnect`\n"}}
[debug] [2025-12-02T07:38:44.303Z] E1202 15:38:44.303314   14528 watch.go:31] Failed to load config from "c:\\Users\\USER\\AndroidStudioProjects\\BrightCarePatient2\\dataconnect": could not find dataconnect.yaml in `c:\Users\USER\AndroidStudioProjects\BrightCarePatient2\dataconnect`
 {"metadata":{"emulator":{"name":"dataconnect"},"message":"E1202 15:38:44.303314   14528 watch.go:31] Failed to load config from \"c:\\\\Users\\\\USER\\\\AndroidStudioProjects\\\\BrightCarePatient2\\\\dataconnect\": could not find dataconnect.yaml in `c:\\Users\\USER\\AndroidStudioProjects\\BrightCarePatient2\\dataconnect`\n"}}
[debug] [2025-12-02T07:38:54.304Z] E1202 15:38:54.304016   14528 watch.go:31] Failed to load config from "c:\\Users\\USER\\AndroidStudioProjects\\BrightCarePatient2\\dataconnect": could not find dataconnect.yaml in `c:\Users\USER\AndroidStudioProjects\BrightCarePatient2\dataconnect`
 {"metadata":{"emulator":{"name":"dataconnect"},"message":"E1202 15:38:54.304016   14528 watch.go:31] Failed to load config from \"c:\\\\Users\\\\USER\\\\AndroidStudioProjects\\\\BrightCarePatient2\\\\dataconnect\": could not find dataconnect.yaml in `c:\\Users\\USER\\AndroidStudioProjects\\BrightCarePatient2\\dataconnect`\n"}}
[debug] [2025-12-02T07:39:04.303Z] E1202 15:39:04.303254   14528 watch.go:31] Failed to load config from "c:\\Users\\USER\\AndroidStudioProjects\\BrightCarePatient2\\dataconnect": could not find dataconnect.yaml in `c:\Users\USER\AndroidStudioProjects\BrightCarePatient2\dataconnect`
 {"metadata":{"emulator":{"name":"dataconnect"},"message":"E1202 15:39:04.303254   14528 watch.go:31] Failed to load config from \"c:\\\\Users\\\\USER\\\\AndroidStudioProjects\\\\BrightCarePatient2\\\\dataconnect\": could not find dataconnect.yaml in `c:\\Users\\USER\\AndroidStudioProjects\\BrightCarePatient2\\dataconnect`\n"}}
[debug] [2025-12-02T07:39:14.303Z] E1202 15:39:14.303128   14528 watch.go:31] Failed to load config from "c:\\Users\\USER\\AndroidStudioProjects\\BrightCarePatient2\\dataconnect": could not find dataconnect.yaml in `c:\Users\USER\AndroidStudioProjects\BrightCarePatient2\dataconnect`
 {"metadata":{"emulator":{"name":"dataconnect"},"message":"E1202 15:39:14.303128   14528 watch.go:31] Failed to load config from \"c:\\\\Users\\\\USER\\\\AndroidStudioProjects\\\\BrightCarePatient2\\\\dataconnect\": could not find dataconnect.yaml in `c:\\Users\\USER\\AndroidStudioProjects\\BrightCarePatient2\\dataconnect`\n"}}
[debug] [2025-12-02T07:39:24.303Z] E1202 15:39:24.303252   14528 watch.go:31] Failed to load config from "c:\\Users\\USER\\AndroidStudioProjects\\BrightCarePatient2\\dataconnect": could not find dataconnect.yaml in `c:\Users\USER\AndroidStudioProjects\BrightCarePatient2\dataconnect`
 {"metadata":{"emulator":{"name":"dataconnect"},"message":"E1202 15:39:24.303252   14528 watch.go:31] Failed to load config from \"c:\\\\Users\\\\USER\\\\AndroidStudioProjects\\\\BrightCarePatient2\\\\dataconnect\": could not find dataconnect.yaml in `c:\\Users\\USER\\AndroidStudioProjects\\BrightCarePatient2\\dataconnect`\n"}}
[debug] [2025-12-02T07:39:34.303Z] E1202 15:39:34.303134   14528 watch.go:31] Failed to load config from "c:\\Users\\USER\\AndroidStudioProjects\\BrightCarePatient2\\dataconnect": could not find dataconnect.yaml in `c:\Users\USER\AndroidStudioProjects\BrightCarePatient2\dataconnect`
 {"metadata":{"emulator":{"name":"dataconnect"},"message":"E1202 15:39:34.303134   14528 watch.go:31] Failed to load config from \"c:\\\\Users\\\\USER\\\\AndroidStudioProjects\\\\BrightCarePatient2\\\\dataconnect\": could not find dataconnect.yaml in `c:\\Users\\USER\\AndroidStudioProjects\\BrightCarePatient2\\dataconnect`\n"}}
[debug] [2025-12-02T07:39:44.303Z] E1202 15:39:44.303060   14528 watch.go:31] Failed to load config from "c:\\Users\\USER\\AndroidStudioProjects\\BrightCarePatient2\\dataconnect": could not find dataconnect.yaml in `c:\Users\USER\AndroidStudioProjects\BrightCarePatient2\dataconnect`
E1202 15:39:44.303060   14528 watch.go:102] watchAllDir unable to walk dir `c:\Users\USER\AndroidStudioProjects\BrightCarePatient2\dataconnect`: CreateFile c:\Users\USER\AndroidStudioProjects\BrightCarePatient2\dataconnect: The system cannot find the file specified.
 {"metadata":{"emulator":{"name":"dataconnect"},"message":"E1202 15:39:44.303060   14528 watch.go:31] Failed to load config from \"c:\\\\Users\\\\USER\\\\AndroidStudioProjects\\\\BrightCarePatient2\\\\dataconnect\": could not find dataconnect.yaml in `c:\\Users\\USER\\AndroidStudioProjects\\BrightCarePatient2\\dataconnect`\nE1202 15:39:44.303060   14528 watch.go:102] watchAllDir unable to walk dir `c:\\Users\\USER\\AndroidStudioProjects\\BrightCarePatient2\\dataconnect`: CreateFile c:\\Users\\USER\\AndroidStudioProjects\\BrightCarePatient2\\dataconnect: The system cannot find the file specified.\n"}}
[debug] [2025-12-02T07:39:54.302Z] E1202 15:39:54.302325   14528 watch.go:31] Failed to load config from "c:\\Users\\USER\\AndroidStudioProjects\\BrightCarePatient2\\dataconnect": could not find dataconnect.yaml in `c:\Users\USER\AndroidStudioProjects\BrightCarePatient2\dataconnect`
 {"metadata":{"emulator":{"name":"dataconnect"},"message":"E1202 15:39:54.302325   14528 watch.go:31] Failed to load config from \"c:\\\\Users\\\\USER\\\\AndroidStudioProjects\\\\BrightCarePatient2\\\\dataconnect\": could not find dataconnect.yaml in `c:\\Users\\USER\\AndroidStudioProjects\\BrightCarePatient2\\dataconnect`\n"}}
[debug] [2025-12-02T07:50:35.166Z] E1202 15:50:35.165389   14528 watch.go:31] Failed to load config from "c:\\Users\\USER\\AndroidStudioProjects\\BrightCarePatient2\\dataconnect": could not find dataconnect.yaml in `c:\Users\USER\AndroidStudioProjects\BrightCarePatient2\dataconnect`
 {"metadata":{"emulator":{"name":"dataconnect"},"message":"E1202 15:50:35.165389   14528 watch.go:31] Failed to load config from \"c:\\\\Users\\\\USER\\\\AndroidStudioProjects\\\\BrightCarePatient2\\\\dataconnect\": could not find dataconnect.yaml in `c:\\Users\\USER\\AndroidStudioProjects\\BrightCarePatient2\\dataconnect`\n"}}
[debug] [2025-12-02T07:50:35.169Z] E1202 15:50:35.167929   14528 watch.go:102] watchAllDir unable to walk dir `c:\Users\USER\AndroidStudioProjects\BrightCarePatient2\dataconnect`: CreateFile c:\Users\USER\AndroidStudioProjects\BrightCarePatient2\dataconnect: The system cannot find the file specified.
 {"metadata":{"emulator":{"name":"dataconnect"},"message":"E1202 15:50:35.167929   14528 watch.go:102] watchAllDir unable to walk dir `c:\\Users\\USER\\AndroidStudioProjects\\BrightCarePatient2\\dataconnect`: CreateFile c:\\Users\\USER\\AndroidStudioProjects\\BrightCarePatient2\\dataconnect: The system cannot find the file specified.\n"}}
[debug] [2025-12-02T07:50:44.302Z] E1202 15:50:44.302737   14528 watch.go:31] Failed to load config from "c:\\Users\\USER\\AndroidStudioProjects\\BrightCarePatient2\\dataconnect": could not find dataconnect.yaml in `c:\Users\USER\AndroidStudioProjects\BrightCarePatient2\dataconnect`
 {"metadata":{"emulator":{"name":"dataconnect"},"message":"E1202 15:50:44.302737   14528 watch.go:31] Failed to load config from \"c:\\\\Users\\\\USER\\\\AndroidStudioProjects\\\\BrightCarePatient2\\\\dataconnect\": could not find dataconnect.yaml in `c:\\Users\\USER\\AndroidStudioProjects\\BrightCarePatient2\\dataconnect`\n"}}
[debug] [2025-12-02T07:50:54.303Z] E1202 15:50:54.303139   14528 watch.go:31] Failed to load config from "c:\\Users\\USER\\AndroidStudioProjects\\BrightCarePatient2\\dataconnect": could not find dataconnect.yaml in `c:\Users\USER\AndroidStudioProjects\BrightCarePatient2\dataconnect`
 {"metadata":{"emulator":{"name":"dataconnect"},"message":"E1202 15:50:54.303139   14528 watch.go:31] Failed to load config from \"c:\\\\Users\\\\USER\\\\AndroidStudioProjects\\\\BrightCarePatient2\\\\dataconnect\": could not find dataconnect.yaml in `c:\\Users\\USER\\AndroidStudioProjects\\BrightCarePatient2\\dataconnect`\n"}}
[debug] [2025-12-02T07:51:04.303Z] E1202 15:51:04.302822   14528 watch.go:31] Failed to load config from "c:\\Users\\USER\\AndroidStudioProjects\\BrightCarePatient2\\dataconnect": could not find dataconnect.yaml in `c:\Users\USER\AndroidStudioProjects\BrightCarePatient2\dataconnect`
 {"metadata":{"emulator":{"name":"dataconnect"},"message":"E1202 15:51:04.302822   14528 watch.go:31] Failed to load config from \"c:\\\\Users\\\\USER\\\\AndroidStudioProjects\\\\BrightCarePatient2\\\\dataconnect\": could not find dataconnect.yaml in `c:\\Users\\USER\\AndroidStudioProjects\\BrightCarePatient2\\dataconnect`\n"}}
[debug] [2025-12-02T07:51:14.303Z] E1202 15:51:14.302914   14528 watch.go:31] Failed to load config from "c:\\Users\\USER\\AndroidStudioProjects\\BrightCarePatient2\\dataconnect": could not find dataconnect.yaml in `c:\Users\USER\AndroidStudioProjects\BrightCarePatient2\dataconnect`
 {"metadata":{"emulator":{"name":"dataconnect"},"message":"E1202 15:51:14.302914   14528 watch.go:31] Failed to load config from \"c:\\\\Users\\\\USER\\\\AndroidStudioProjects\\\\BrightCarePatient2\\\\dataconnect\": could not find dataconnect.yaml in `c:\\Users\\USER\\AndroidStudioProjects\\BrightCarePatient2\\dataconnect`\n"}}
[debug] [2025-12-02T07:51:24.303Z] E1202 15:51:24.302729   14528 watch.go:31] Failed to load config from "c:\\Users\\USER\\AndroidStudioProjects\\BrightCarePatient2\\dataconnect": could not find dataconnect.yaml in `c:\Users\USER\AndroidStudioProjects\BrightCarePatient2\dataconnect`
 {"metadata":{"emulator":{"name":"dataconnect"},"message":"E1202 15:51:24.302729   14528 watch.go:31] Failed to load config from \"c:\\\\Users\\\\USER\\\\AndroidStudioProjects\\\\BrightCarePatient2\\\\dataconnect\": could not find dataconnect.yaml in `c:\\Users\\USER\\AndroidStudioProjects\\BrightCarePatient2\\dataconnect`\n"}}
[debug] [2025-12-02T07:51:34.303Z] E1202 15:51:34.302686   14528 watch.go:31] Failed to load config from "c:\\Users\\USER\\AndroidStudioProjects\\BrightCarePatient2\\dataconnect": could not find dataconnect.yaml in `c:\Users\USER\AndroidStudioProjects\BrightCarePatient2\dataconnect`
 {"metadata":{"emulator":{"name":"dataconnect"},"message":"E1202 15:51:34.302686   14528 watch.go:31] Failed to load config from \"c:\\\\Users\\\\USER\\\\AndroidStudioProjects\\\\BrightCarePatient2\\\\dataconnect\": could not find dataconnect.yaml in `c:\\Users\\USER\\AndroidStudioProjects\\BrightCarePatient2\\dataconnect`\n"}}
[debug] [2025-12-02T07:51:44.303Z] E1202 15:51:44.303107   14528 watch.go:31] Failed to load config from "c:\\Users\\USER\\AndroidStudioProjects\\BrightCarePatient2\\dataconnect": could not find dataconnect.yaml in `c:\Users\USER\AndroidStudioProjects\BrightCarePatient2\dataconnect`
E1202 15:51:44.303107   14528 watch.go:102] watchAllDir unable to walk dir `c:\Users\USER\AndroidStudioProjects\BrightCarePatient2\dataconnect`: CreateFile c:\Users\USER\AndroidStudioProjects\BrightCarePatient2\dataconnect: The system cannot find the file specified.
 {"metadata":{"emulator":{"name":"dataconnect"},"message":"E1202 15:51:44.303107   14528 watch.go:31] Failed to load config from \"c:\\\\Users\\\\USER\\\\AndroidStudioProjects\\\\BrightCarePatient2\\\\dataconnect\": could not find dataconnect.yaml in `c:\\Users\\USER\\AndroidStudioProjects\\BrightCarePatient2\\dataconnect`\nE1202 15:51:44.303107   14528 watch.go:102] watchAllDir unable to walk dir `c:\\Users\\USER\\AndroidStudioProjects\\BrightCarePatient2\\dataconnect`: CreateFile c:\\Users\\USER\\AndroidStudioProjects\\BrightCarePatient2\\dataconnect: The system cannot find the file specified.\n"}}
[debug] [2025-12-02T07:51:54.303Z] E1202 15:51:54.302869   14528 watch.go:31] Failed to load config from "c:\\Users\\USER\\AndroidStudioProjects\\BrightCarePatient2\\dataconnect": could not find dataconnect.yaml in `c:\Users\USER\AndroidStudioProjects\BrightCarePatient2\dataconnect`
 {"metadata":{"emulator":{"name":"dataconnect"},"message":"E1202 15:51:54.302869   14528 watch.go:31] Failed to load config from \"c:\\\\Users\\\\USER\\\\AndroidStudioProjects\\\\BrightCarePatient2\\\\dataconnect\": could not find dataconnect.yaml in `c:\\Users\\USER\\AndroidStudioProjects\\BrightCarePatient2\\dataconnect`\n"}}
[debug] [2025-12-02T07:52:04.302Z] E1202 15:52:04.302702   14528 watch.go:31] Failed to load config from "c:\\Users\\USER\\AndroidStudioProjects\\BrightCarePatient2\\dataconnect": could not find dataconnect.yaml in `c:\Users\USER\AndroidStudioProjects\BrightCarePatient2\dataconnect`
 {"metadata":{"emulator":{"name":"dataconnect"},"message":"E1202 15:52:04.302702   14528 watch.go:31] Failed to load config from \"c:\\\\Users\\\\USER\\\\AndroidStudioProjects\\\\BrightCarePatient2\\\\dataconnect\": could not find dataconnect.yaml in `c:\\Users\\USER\\AndroidStudioProjects\\BrightCarePatient2\\dataconnect`\n"}}
[info] [Firebase Plugin] Stopping Data Connect toolkit
[warn] !  Data Connect Emulator has exited upon receiving signal: SIGINT 
[debug] [2025-12-03T00:46:08.471Z] [Firebase Plugin] Activating Firebase extension.
